{"contracts/BNFT.sol":{"l":{"62":37,"63":2,"65":35,"78":3,"85":81,"86":81,"87":81,"89":81,"90":81,"105":23,"106":0,"109":23,"113":23,"114":23,"115":23,"116":23,"126":11,"127":2,"130":9,"131":0,"136":9,"137":9,"140":9,"141":8,"144":9,"145":9,"146":8,"157":12,"158":1,"162":11,"163":1,"166":10,"167":10,"170":10,"171":10,"177":5,"178":2,"181":3,"182":3,"184":3,"192":6,"196":1,"199":5,"200":1,"203":4,"204":4,"206":4,"207":2,"210":2,"213":4,"215":4,"224":4,"238":2,"239":2,"252":3,"254":3,"255":2,"256":2,"259":3,"272":0,"273":0,"274":0,"275":0,"276":0,"278":0,"279":0,"280":0,"281":0,"282":0,"283":0,"286":0},"path":"/Users/edwin/workspace/braintrust-monorepo/contracts/BNFT.sol","s":{"1":37,"2":3,"3":81,"4":81,"5":81,"6":81,"7":81,"8":23,"9":23,"10":23,"11":23,"12":23,"13":23,"14":11,"15":9,"16":9,"17":9,"18":9,"19":8,"20":9,"21":9,"22":8,"23":12,"24":11,"25":10,"26":10,"27":10,"28":10,"29":5,"30":3,"31":3,"32":3,"33":6,"34":5,"35":4,"36":4,"37":4,"38":2,"39":2,"40":4,"41":4,"42":4,"43":2,"44":2,"45":3,"46":3,"47":2,"48":2,"49":3,"50":0,"51":0,"52":0,"53":0,"54":0,"55":0,"56":0,"57":0,"58":0,"59":0,"60":0,"61":0},"b":{"1":[2,35],"2":[0,23],"3":[2,9],"4":[0,9],"5":[9,0],"6":[8,1],"7":[1,11],"8":[1,10],"9":[2,3],"10":[1,5],"11":[1,4],"12":[2,2]},"f":{"1":37,"2":3,"3":81,"4":0,"5":23,"6":23,"7":11,"8":12,"9":5,"10":6,"11":4,"12":2,"13":3,"14":0},"fnMap":{"1":{"name":"onlyRelayer","line":61,"loc":{"start":{"line":61,"column":4},"end":{"line":66,"column":4}}},"2":{"name":"constructor","line":77,"loc":{"start":{"line":77,"column":4},"end":{"line":79,"column":4}}},"3":{"name":"initialize","line":83,"loc":{"start":{"line":81,"column":4},"end":{"line":91,"column":4}}},"4":{"name":"_authorizeUpgrade","line":96,"loc":{"start":{"line":93,"column":4},"end":{"line":97,"column":5}}},"5":{"name":"_beforeTokenTransfer","line":99,"loc":{"start":{"line":99,"column":4},"end":{"line":110,"column":4}}},"6":{"name":"safeMint","line":112,"loc":{"start":{"line":112,"column":4},"end":{"line":117,"column":4}}},"7":{"name":"deposit","line":120,"loc":{"start":{"line":120,"column":4},"end":{"line":147,"column":4}}},"8":{"name":"lock","line":156,"loc":{"start":{"line":150,"column":4},"end":{"line":172,"column":4}}},"9":{"name":"withdrawUnlockedDeposit","line":175,"loc":{"start":{"line":175,"column":4},"end":{"line":185,"column":4}}},"10":{"name":"withdrawLockedDeposit","line":188,"loc":{"start":{"line":188,"column":4},"end":{"line":216,"column":4}}},"11":{"name":"getTotalUnlockedDeposit","line":219,"loc":{"start":{"line":219,"column":4},"end":{"line":225,"column":4}}},"12":{"name":"getLockedDepositByIndex","line":228,"loc":{"start":{"line":228,"column":4},"end":{"line":245,"column":4}}},"13":{"name":"getTotalLockedDepositAmount","line":247,"loc":{"start":{"line":247,"column":4},"end":{"line":260,"column":4}}},"14":{"name":"getTotalLockedDepositByAddress","line":262,"loc":{"start":{"line":262,"column":4},"end":{"line":287,"column":4}}}},"statementMap":{"1":{"start":{"line":62,"column":8},"end":{"line":62,"column":1922}},"2":{"start":{"line":78,"column":8},"end":{"line":78,"column":29}},"3":{"start":{"line":85,"column":8},"end":{"line":85,"column":57}},"4":{"start":{"line":86,"column":8},"end":{"line":86,"column":23}},"5":{"start":{"line":87,"column":8},"end":{"line":87,"column":31}},"6":{"start":{"line":89,"column":8},"end":{"line":89,"column":25}},"7":{"start":{"line":90,"column":8},"end":{"line":90,"column":39}},"8":{"start":{"line":105,"column":8},"end":{"line":105,"column":2990}},"9":{"start":{"line":109,"column":8},"end":{"line":109,"column":52}},"10":{"start":{"line":113,"column":8},"end":{"line":113,"column":51}},"11":{"start":{"line":114,"column":8},"end":{"line":114,"column":34}},"12":{"start":{"line":115,"column":8},"end":{"line":115,"column":29}},"13":{"start":{"line":116,"column":8},"end":{"line":116,"column":47}},"14":{"start":{"line":126,"column":8},"end":{"line":126,"column":3611}},"15":{"start":{"line":130,"column":8},"end":{"line":130,"column":3721}},"16":{"start":{"line":136,"column":8},"end":{"line":136,"column":4030}},"17":{"start":{"line":137,"column":12},"end":{"line":137,"column":64}},"18":{"start":{"line":140,"column":8},"end":{"line":140,"column":4169}},"19":{"start":{"line":141,"column":12},"end":{"line":141,"column":64}},"20":{"start":{"line":144,"column":8},"end":{"line":144,"column":58}},"21":{"start":{"line":145,"column":8},"end":{"line":145,"column":66}},"22":{"start":{"line":146,"column":8},"end":{"line":146,"column":55}},"23":{"start":{"line":157,"column":8},"end":{"line":157,"column":4778}},"24":{"start":{"line":162,"column":8},"end":{"line":162,"column":4938}},"25":{"start":{"line":166,"column":8},"end":{"line":166,"column":68}},"26":{"start":{"line":167,"column":8},"end":{"line":167,"column":5144}},"27":{"start":{"line":170,"column":8},"end":{"line":170,"column":65}},"28":{"start":{"line":171,"column":8},"end":{"line":171,"column":59}},"29":{"start":{"line":177,"column":8},"end":{"line":177,"column":5544}},"30":{"start":{"line":181,"column":8},"end":{"line":181,"column":57}},"31":{"start":{"line":182,"column":8},"end":{"line":182,"column":65}},"32":{"start":{"line":184,"column":8},"end":{"line":184,"column":57}},"33":{"start":{"line":192,"column":8},"end":{"line":192,"column":6051}},"34":{"start":{"line":199,"column":8},"end":{"line":199,"column":6289}},"35":{"start":{"line":203,"column":8},"end":{"line":203,"column":72}},"36":{"start":{"line":204,"column":8},"end":{"line":204,"column":55}},"37":{"start":{"line":206,"column":8},"end":{"line":206,"column":6620}},"38":{"start":{"line":207,"column":12},"end":{"line":207,"column":6713}},"39":{"start":{"line":210,"column":12},"end":{"line":210,"column":43}},"40":{"start":{"line":213,"column":8},"end":{"line":213,"column":65}},"41":{"start":{"line":215,"column":8},"end":{"line":215,"column":72}},"42":{"start":{"line":224,"column":8},"end":{"line":224,"column":53}},"43":{"start":{"line":238,"column":8},"end":{"line":238,"column":71}},"44":{"start":{"line":239,"column":8},"end":{"line":239,"column":7552}},"45":{"start":{"line":252,"column":8},"end":{"line":252,"column":53}},"46":{"start":{"line":254,"column":8},"end":{"line":254,"column":7922}},"47":{"start":{"line":255,"column":12},"end":{"line":255,"column":71}},"48":{"start":{"line":256,"column":12},"end":{"line":256,"column":46}},"49":{"start":{"line":259,"column":8},"end":{"line":259,"column":20}},"50":{"start":{"line":272,"column":8},"end":{"line":272,"column":53}},"51":{"start":{"line":273,"column":8},"end":{"line":273,"column":44}},"52":{"start":{"line":274,"column":8},"end":{"line":274,"column":40}},"53":{"start":{"line":275,"column":8},"end":{"line":275,"column":42}},"54":{"start":{"line":276,"column":8},"end":{"line":276,"column":39}},"55":{"start":{"line":278,"column":8},"end":{"line":278,"column":8661}},"56":{"start":{"line":279,"column":12},"end":{"line":279,"column":71}},"57":{"start":{"line":280,"column":12},"end":{"line":280,"column":58}},"58":{"start":{"line":281,"column":12},"end":{"line":281,"column":55}},"59":{"start":{"line":282,"column":12},"end":{"line":282,"column":55}},"60":{"start":{"line":283,"column":12},"end":{"line":283,"column":53}},"61":{"start":{"line":286,"column":8},"end":{"line":286,"column":76}}},"branchMap":{"1":{"line":62,"type":"if","locations":[{"start":{"line":62,"column":8},"end":{"line":62,"column":8}},{"start":{"line":62,"column":8},"end":{"line":62,"column":8}}]},"2":{"line":105,"type":"if","locations":[{"start":{"line":105,"column":8},"end":{"line":105,"column":8}},{"start":{"line":105,"column":8},"end":{"line":105,"column":8}}]},"3":{"line":126,"type":"if","locations":[{"start":{"line":126,"column":8},"end":{"line":126,"column":8}},{"start":{"line":126,"column":8},"end":{"line":126,"column":8}}]},"4":{"line":130,"type":"if","locations":[{"start":{"line":130,"column":8},"end":{"line":130,"column":8}},{"start":{"line":130,"column":8},"end":{"line":130,"column":8}}]},"5":{"line":136,"type":"if","locations":[{"start":{"line":136,"column":8},"end":{"line":136,"column":8}},{"start":{"line":136,"column":8},"end":{"line":136,"column":8}}]},"6":{"line":140,"type":"if","locations":[{"start":{"line":140,"column":8},"end":{"line":140,"column":8}},{"start":{"line":140,"column":8},"end":{"line":140,"column":8}}]},"7":{"line":157,"type":"if","locations":[{"start":{"line":157,"column":8},"end":{"line":157,"column":8}},{"start":{"line":157,"column":8},"end":{"line":157,"column":8}}]},"8":{"line":162,"type":"if","locations":[{"start":{"line":162,"column":8},"end":{"line":162,"column":8}},{"start":{"line":162,"column":8},"end":{"line":162,"column":8}}]},"9":{"line":177,"type":"if","locations":[{"start":{"line":177,"column":8},"end":{"line":177,"column":8}},{"start":{"line":177,"column":8},"end":{"line":177,"column":8}}]},"10":{"line":192,"type":"if","locations":[{"start":{"line":192,"column":8},"end":{"line":192,"column":8}},{"start":{"line":192,"column":8},"end":{"line":192,"column":8}}]},"11":{"line":199,"type":"if","locations":[{"start":{"line":199,"column":8},"end":{"line":199,"column":8}},{"start":{"line":199,"column":8},"end":{"line":199,"column":8}}]},"12":{"line":206,"type":"if","locations":[{"start":{"line":206,"column":8},"end":{"line":206,"column":8}},{"start":{"line":206,"column":8},"end":{"line":206,"column":8}}]}}},"contracts/IBTRST.sol":{"l":{},"path":"/Users/edwin/workspace/braintrust-monorepo/contracts/IBTRST.sol","s":{},"b":{},"f":{},"fnMap":{},"statementMap":{},"branchMap":{}},"contracts/MockBTRST.sol":{"l":{"64":0,"65":0,"75":0,"87":0,"88":0,"89":0,"91":0,"94":0,"96":0,"97":0,"106":0,"116":0,"117":0,"118":0,"129":0,"130":0,"131":81,"133":81,"134":0,"135":0,"137":21,"140":21,"141":0,"149":21,"162":21,"163":21,"164":21,"165":1,"166":20,"167":20,"168":26,"169":26,"178":26,"179":19,"190":19,"192":26,"193":25,"194":0,"198":0,"199":0,"203":0,"204":0,"207":0,"208":0,"209":0,"210":0,"211":0,"212":0,"213":0,"215":0,"217":0,"220":0,"224":0,"225":0,"226":0,"228":0,"230":0,"234":0,"235":0,"237":0,"238":0,"239":0,"241":0,"245":0,"246":0,"247":0,"248":0,"249":0,"250":0,"253":0,"254":0,"255":0,"256":46,"257":46,"263":46,"265":46,"266":45,"268":45,"269":45,"272":45,"276":0,"277":0,"281":0,"282":0,"286":0,"287":0,"288":0,"292":45,"293":0,"297":0,"298":0,"299":0},"path":"/Users/edwin/workspace/braintrust-monorepo/contracts/MockBTRST.sol","s":{"1":0,"2":0,"3":0,"4":0,"5":0,"6":0,"7":0,"8":0,"9":0,"10":0,"11":0,"12":0,"13":0,"14":0,"15":0,"16":0,"17":81,"18":81,"19":0,"20":21,"21":21,"22":0,"23":0,"24":21,"25":21,"26":21,"27":1,"28":1,"29":20,"30":20,"31":26,"32":26,"33":19,"34":19,"35":19,"36":26,"37":25,"38":0,"39":0,"40":0,"41":0,"42":0,"43":0,"44":0,"45":0,"46":0,"47":0,"48":0,"49":0,"50":0,"51":0,"52":0,"53":0,"54":0,"55":0,"56":0,"57":0,"58":0,"59":0,"60":0,"61":0,"62":0,"63":0,"64":0,"65":0,"66":0,"67":0,"68":0,"69":0,"70":0,"71":0,"72":0,"73":0,"74":46,"75":46,"76":46,"77":46,"78":45,"79":45,"80":45,"81":0,"82":0,"83":0,"84":0,"85":0,"86":0,"87":0,"88":0,"89":0,"90":0,"91":0,"92":0},"b":{"1":[0,0],"2":[81,21],"3":[20,0],"4":[26,-6],"5":[26,0],"6":[7,12],"7":[0,0],"8":[0,0],"9":[0,0],"10":[0,0],"11":[0,0],"12":[0,0],"13":[0,0],"14":[0,46],"15":[0,0],"16":[0,46],"17":[45,45],"18":[0,0],"19":[0,0],"20":[0,0],"21":[0,0]},"f":{"1":0,"2":0,"3":0,"4":0,"5":0,"6":0,"7":21,"8":21,"9":26,"10":19,"11":0,"12":0,"13":0,"14":46,"15":0,"16":0,"17":0,"18":0,"19":0},"fnMap":{"1":{"name":"constructor","line":63,"loc":{"start":{"line":63,"column":4},"end":{"line":66,"column":4}}},"2":{"name":"allowance","line":74,"loc":{"start":{"line":74,"column":4},"end":{"line":76,"column":4}}},"3":{"name":"approve","line":86,"loc":{"start":{"line":86,"column":4},"end":{"line":98,"column":4}}},"4":{"name":"balanceOf","line":105,"loc":{"start":{"line":105,"column":4},"end":{"line":107,"column":4}}},"5":{"name":"transfer","line":115,"loc":{"start":{"line":115,"column":4},"end":{"line":119,"column":4}}},"6":{"name":"transferFrom","line":128,"loc":{"start":{"line":128,"column":4},"end":{"line":142,"column":4}}},"7":{"name":"delegate","line":148,"loc":{"start":{"line":148,"column":4},"end":{"line":150,"column":4}}},"8":{"name":"delegateBySig","line":161,"loc":{"start":{"line":161,"column":4},"end":{"line":170,"column":4}}},"9":{"name":"getCurrentVotes","line":177,"loc":{"start":{"line":177,"column":4},"end":{"line":180,"column":4}}},"10":{"name":"getPriorVotes","line":189,"loc":{"start":{"line":189,"column":4},"end":{"line":221,"column":4}}},"11":{"name":"_delegate","line":223,"loc":{"start":{"line":223,"column":4},"end":{"line":231,"column":4}}},"12":{"name":"_transferTokens","line":233,"loc":{"start":{"line":233,"column":4},"end":{"line":242,"column":4}}},"13":{"name":"_moveDelegates","line":244,"loc":{"start":{"line":244,"column":4},"end":{"line":260,"column":4}}},"14":{"name":"_writeCheckpoint","line":262,"loc":{"start":{"line":262,"column":4},"end":{"line":273,"column":4}}},"15":{"name":"safe32","line":275,"loc":{"start":{"line":275,"column":4},"end":{"line":278,"column":4}}},"16":{"name":"safe96","line":280,"loc":{"start":{"line":280,"column":4},"end":{"line":283,"column":4}}},"17":{"name":"add96","line":285,"loc":{"start":{"line":285,"column":4},"end":{"line":289,"column":4}}},"18":{"name":"sub96","line":291,"loc":{"start":{"line":291,"column":4},"end":{"line":294,"column":4}}},"19":{"name":"getChainId","line":296,"loc":{"start":{"line":296,"column":4},"end":{"line":300,"column":4}}}},"statementMap":{"1":{"start":{"line":64,"column":8},"end":{"line":64,"column":46}},"2":{"start":{"line":65,"column":8},"end":{"line":65,"column":55}},"3":{"start":{"line":75,"column":8},"end":{"line":75,"column":43}},"4":{"start":{"line":87,"column":8},"end":{"line":87,"column":21}},"5":{"start":{"line":88,"column":8},"end":{"line":88,"column":3710}},"6":{"start":{"line":89,"column":12},"end":{"line":89,"column":30}},"7":{"start":{"line":91,"column":12},"end":{"line":91,"column":79}},"8":{"start":{"line":94,"column":8},"end":{"line":94,"column":47}},"9":{"start":{"line":96,"column":8},"end":{"line":96,"column":50}},"10":{"start":{"line":97,"column":8},"end":{"line":97,"column":19}},"11":{"start":{"line":106,"column":8},"end":{"line":106,"column":32}},"12":{"start":{"line":116,"column":8},"end":{"line":116,"column":84}},"13":{"start":{"line":117,"column":8},"end":{"line":117,"column":47}},"14":{"start":{"line":118,"column":8},"end":{"line":118,"column":19}},"15":{"start":{"line":129,"column":8},"end":{"line":129,"column":36}},"16":{"start":{"line":130,"column":8},"end":{"line":130,"column":58}},"17":{"start":{"line":131,"column":8},"end":{"line":131,"column":83}},"18":{"start":{"line":133,"column":8},"end":{"line":133,"column":5387}},"19":{"start":{"line":134,"column":12},"end":{"line":134,"column":131}},"20":{"start":{"line":135,"column":12},"end":{"line":135,"column":50}},"21":{"start":{"line":137,"column":12},"end":{"line":137,"column":53}},"22":{"start":{"line":140,"column":8},"end":{"line":140,"column":40}},"23":{"start":{"line":141,"column":8},"end":{"line":141,"column":19}},"24":{"start":{"line":149,"column":8},"end":{"line":149,"column":47}},"25":{"start":{"line":162,"column":8},"end":{"line":162,"column":125}},"26":{"start":{"line":163,"column":8},"end":{"line":163,"column":97}},"27":{"start":{"line":164,"column":8},"end":{"line":164,"column":93}},"28":{"start":{"line":165,"column":8},"end":{"line":165,"column":54}},"29":{"start":{"line":166,"column":8},"end":{"line":166,"column":82}},"30":{"start":{"line":167,"column":8},"end":{"line":167,"column":83}},"31":{"start":{"line":168,"column":8},"end":{"line":168,"column":72}},"32":{"start":{"line":169,"column":8},"end":{"line":169,"column":46}},"33":{"start":{"line":178,"column":8},"end":{"line":178,"column":53}},"34":{"start":{"line":179,"column":8},"end":{"line":179,"column":82}},"35":{"start":{"line":190,"column":8},"end":{"line":190,"column":86}},"36":{"start":{"line":192,"column":8},"end":{"line":192,"column":53}},"37":{"start":{"line":193,"column":8},"end":{"line":193,"column":8290}},"38":{"start":{"line":194,"column":12},"end":{"line":194,"column":20}},"39":{"start":{"line":198,"column":8},"end":{"line":198,"column":8399}},"40":{"start":{"line":199,"column":12},"end":{"line":199,"column":63}},"41":{"start":{"line":203,"column":8},"end":{"line":203,"column":8598}},"42":{"start":{"line":204,"column":12},"end":{"line":204,"column":20}},"43":{"start":{"line":207,"column":8},"end":{"line":207,"column":24}},"44":{"start":{"line":208,"column":8},"end":{"line":208,"column":39}},"45":{"start":{"line":209,"column":8},"end":{"line":209,"column":8761}},"46":{"start":{"line":210,"column":12},"end":{"line":210,"column":55}},"47":{"start":{"line":211,"column":12},"end":{"line":211,"column":63}},"48":{"start":{"line":212,"column":12},"end":{"line":212,"column":8950}},"49":{"start":{"line":213,"column":16},"end":{"line":213,"column":31}},"50":{"start":{"line":214,"column":19},"end":{"line":214,"column":9037}},"51":{"start":{"line":215,"column":16},"end":{"line":215,"column":29}},"52":{"start":{"line":217,"column":16},"end":{"line":217,"column":33}},"53":{"start":{"line":220,"column":8},"end":{"line":220,"column":48}},"54":{"start":{"line":224,"column":8},"end":{"line":224,"column":54}},"55":{"start":{"line":225,"column":8},"end":{"line":225,"column":53}},"56":{"start":{"line":226,"column":8},"end":{"line":226,"column":39}},"57":{"start":{"line":228,"column":8},"end":{"line":228,"column":67}},"58":{"start":{"line":230,"column":8},"end":{"line":230,"column":67}},"59":{"start":{"line":234,"column":8},"end":{"line":234,"column":98}},"60":{"start":{"line":235,"column":8},"end":{"line":235,"column":96}},"61":{"start":{"line":237,"column":8},"end":{"line":237,"column":110}},"62":{"start":{"line":238,"column":8},"end":{"line":238,"column":104}},"63":{"start":{"line":239,"column":8},"end":{"line":239,"column":39}},"64":{"start":{"line":241,"column":8},"end":{"line":241,"column":61}},"65":{"start":{"line":245,"column":8},"end":{"line":245,"column":10319}},"66":{"start":{"line":246,"column":12},"end":{"line":246,"column":10373}},"67":{"start":{"line":247,"column":16},"end":{"line":247,"column":57}},"68":{"start":{"line":248,"column":16},"end":{"line":248,"column":95}},"69":{"start":{"line":249,"column":16},"end":{"line":249,"column":104}},"70":{"start":{"line":250,"column":16},"end":{"line":250,"column":72}},"71":{"start":{"line":253,"column":12},"end":{"line":253,"column":10765}},"72":{"start":{"line":254,"column":16},"end":{"line":254,"column":57}},"73":{"start":{"line":255,"column":16},"end":{"line":255,"column":95}},"74":{"start":{"line":256,"column":16},"end":{"line":256,"column":103}},"75":{"start":{"line":257,"column":16},"end":{"line":257,"column":72}},"76":{"start":{"line":263,"column":8},"end":{"line":263,"column":106}},"77":{"start":{"line":265,"column":8},"end":{"line":265,"column":11388}},"78":{"start":{"line":266,"column":12},"end":{"line":266,"column":68}},"79":{"start":{"line":268,"column":12},"end":{"line":268,"column":83}},"80":{"start":{"line":269,"column":12},"end":{"line":269,"column":55}},"81":{"start":{"line":272,"column":8},"end":{"line":272,"column":64}},"82":{"start":{"line":276,"column":8},"end":{"line":276,"column":39}},"83":{"start":{"line":277,"column":8},"end":{"line":277,"column":24}},"84":{"start":{"line":281,"column":8},"end":{"line":281,"column":39}},"85":{"start":{"line":282,"column":8},"end":{"line":282,"column":24}},"86":{"start":{"line":286,"column":8},"end":{"line":286,"column":24}},"87":{"start":{"line":287,"column":8},"end":{"line":287,"column":36}},"88":{"start":{"line":288,"column":8},"end":{"line":288,"column":16}},"89":{"start":{"line":292,"column":8},"end":{"line":292,"column":36}},"90":{"start":{"line":293,"column":8},"end":{"line":293,"column":20}},"91":{"start":{"line":297,"column":8},"end":{"line":297,"column":23}},"92":{"start":{"line":299,"column":8},"end":{"line":299,"column":22}}},"branchMap":{"1":{"line":88,"type":"if","locations":[{"start":{"line":88,"column":8},"end":{"line":88,"column":8}},{"start":{"line":88,"column":8},"end":{"line":88,"column":8}}]},"2":{"line":133,"type":"if","locations":[{"start":{"line":133,"column":8},"end":{"line":133,"column":8}},{"start":{"line":133,"column":8},"end":{"line":133,"column":8}}]},"3":{"line":166,"type":"if","locations":[{"start":{"line":166,"column":8},"end":{"line":166,"column":8}},{"start":{"line":166,"column":8},"end":{"line":166,"column":8}}]},"4":{"line":167,"type":"if","locations":[{"start":{"line":167,"column":8},"end":{"line":167,"column":8}},{"start":{"line":167,"column":8},"end":{"line":167,"column":8}}]},"5":{"line":168,"type":"if","locations":[{"start":{"line":168,"column":8},"end":{"line":168,"column":8}},{"start":{"line":168,"column":8},"end":{"line":168,"column":8}}]},"6":{"line":190,"type":"if","locations":[{"start":{"line":190,"column":8},"end":{"line":190,"column":8}},{"start":{"line":190,"column":8},"end":{"line":190,"column":8}}]},"7":{"line":193,"type":"if","locations":[{"start":{"line":193,"column":8},"end":{"line":193,"column":8}},{"start":{"line":193,"column":8},"end":{"line":193,"column":8}}]},"8":{"line":198,"type":"if","locations":[{"start":{"line":198,"column":8},"end":{"line":198,"column":8}},{"start":{"line":198,"column":8},"end":{"line":198,"column":8}}]},"9":{"line":203,"type":"if","locations":[{"start":{"line":203,"column":8},"end":{"line":203,"column":8}},{"start":{"line":203,"column":8},"end":{"line":203,"column":8}}]},"10":{"line":212,"type":"if","locations":[{"start":{"line":212,"column":12},"end":{"line":212,"column":12}},{"start":{"line":212,"column":12},"end":{"line":212,"column":12}}]},"11":{"line":214,"type":"if","locations":[{"start":{"line":214,"column":19},"end":{"line":214,"column":19}},{"start":{"line":214,"column":19},"end":{"line":214,"column":19}}]},"12":{"line":234,"type":"if","locations":[{"start":{"line":234,"column":8},"end":{"line":234,"column":8}},{"start":{"line":234,"column":8},"end":{"line":234,"column":8}}]},"13":{"line":235,"type":"if","locations":[{"start":{"line":235,"column":8},"end":{"line":235,"column":8}},{"start":{"line":235,"column":8},"end":{"line":235,"column":8}}]},"14":{"line":245,"type":"if","locations":[{"start":{"line":245,"column":8},"end":{"line":245,"column":8}},{"start":{"line":245,"column":8},"end":{"line":245,"column":8}}]},"15":{"line":246,"type":"if","locations":[{"start":{"line":246,"column":12},"end":{"line":246,"column":12}},{"start":{"line":246,"column":12},"end":{"line":246,"column":12}}]},"16":{"line":253,"type":"if","locations":[{"start":{"line":253,"column":12},"end":{"line":253,"column":12}},{"start":{"line":253,"column":12},"end":{"line":253,"column":12}}]},"17":{"line":265,"type":"if","locations":[{"start":{"line":265,"column":8},"end":{"line":265,"column":8}},{"start":{"line":265,"column":8},"end":{"line":265,"column":8}}]},"18":{"line":276,"type":"if","locations":[{"start":{"line":276,"column":8},"end":{"line":276,"column":8}},{"start":{"line":276,"column":8},"end":{"line":276,"column":8}}]},"19":{"line":281,"type":"if","locations":[{"start":{"line":281,"column":8},"end":{"line":281,"column":8}},{"start":{"line":281,"column":8},"end":{"line":281,"column":8}}]},"20":{"line":287,"type":"if","locations":[{"start":{"line":287,"column":8},"end":{"line":287,"column":8}},{"start":{"line":287,"column":8},"end":{"line":287,"column":8}}]},"21":{"line":292,"type":"if","locations":[{"start":{"line":292,"column":8},"end":{"line":292,"column":8}},{"start":{"line":292,"column":8},"end":{"line":292,"column":8}}]}}}}