TN:
SF:/Users/edwin/workspace/braintrust-monorepo/contracts/BNFT.sol
FN:61,onlyRelayer
FN:77,constructor
FN:83,initialize
FN:96,_authorizeUpgrade
FN:99,_beforeTokenTransfer
FN:112,safeMint
FN:120,deposit
FN:156,lock
FN:175,withdrawUnlockedDeposit
FN:188,withdrawLockedDeposit
FN:219,getTotalUnlockedDeposit
FN:228,getLockedDepositByIndex
FN:247,getTotalLockedDepositAmount
FN:262,getTotalLockedDepositByAddress
FNF:14
FNH:12
FNDA:37,onlyRelayer
FNDA:3,constructor
FNDA:81,initialize
FNDA:0,_authorizeUpgrade
FNDA:23,_beforeTokenTransfer
FNDA:23,safeMint
FNDA:11,deposit
FNDA:12,lock
FNDA:5,withdrawUnlockedDeposit
FNDA:6,withdrawLockedDeposit
FNDA:4,getTotalUnlockedDeposit
FNDA:2,getLockedDepositByIndex
FNDA:3,getTotalLockedDepositAmount
FNDA:0,getTotalLockedDepositByAddress
DA:62,37
DA:63,2
DA:65,35
DA:78,3
DA:85,81
DA:86,81
DA:87,81
DA:89,81
DA:90,81
DA:105,23
DA:106,0
DA:109,23
DA:113,23
DA:114,23
DA:115,23
DA:116,23
DA:126,11
DA:127,2
DA:130,9
DA:131,0
DA:136,9
DA:137,9
DA:140,9
DA:141,8
DA:144,9
DA:145,9
DA:146,8
DA:157,12
DA:158,1
DA:162,11
DA:163,1
DA:166,10
DA:167,10
DA:170,10
DA:171,10
DA:177,5
DA:178,2
DA:181,3
DA:182,3
DA:184,3
DA:192,6
DA:196,1
DA:199,5
DA:200,1
DA:203,4
DA:204,4
DA:206,4
DA:207,2
DA:210,2
DA:213,4
DA:215,4
DA:224,4
DA:238,2
DA:239,2
DA:252,3
DA:254,3
DA:255,2
DA:256,2
DA:259,3
DA:272,0
DA:273,0
DA:274,0
DA:275,0
DA:276,0
DA:278,0
DA:279,0
DA:280,0
DA:281,0
DA:282,0
DA:283,0
DA:286,0
LF:71
LH:57
BRDA:62,1,0,2
BRDA:62,1,1,35
BRDA:105,2,0,0
BRDA:105,2,1,23
BRDA:126,3,0,2
BRDA:126,3,1,9
BRDA:130,4,0,0
BRDA:130,4,1,9
BRDA:136,5,0,9
BRDA:136,5,1,0
BRDA:140,6,0,8
BRDA:140,6,1,1
BRDA:157,7,0,1
BRDA:157,7,1,11
BRDA:162,8,0,1
BRDA:162,8,1,10
BRDA:177,9,0,2
BRDA:177,9,1,3
BRDA:192,10,0,1
BRDA:192,10,1,5
BRDA:199,11,0,1
BRDA:199,11,1,4
BRDA:206,12,0,2
BRDA:206,12,1,2
BRF:24
BRH:21
end_of_record
TN:
SF:/Users/edwin/workspace/braintrust-monorepo/contracts/IBTRST.sol
FNF:0
FNH:0
LF:0
LH:0
BRF:0
BRH:0
end_of_record
TN:
SF:/Users/edwin/workspace/braintrust-monorepo/contracts/MockBTRST.sol
FN:63,constructor
FN:74,allowance
FN:86,approve
FN:105,balanceOf
FN:115,transfer
FN:128,transferFrom
FN:148,delegate
FN:161,delegateBySig
FN:177,getCurrentVotes
FN:189,getPriorVotes
FN:223,_delegate
FN:233,_transferTokens
FN:244,_moveDelegates
FN:262,_writeCheckpoint
FN:275,safe32
FN:280,safe96
FN:285,add96
FN:291,sub96
FN:296,getChainId
FNF:19
FNH:5
FNDA:0,constructor
FNDA:0,allowance
FNDA:0,approve
FNDA:0,balanceOf
FNDA:0,transfer
FNDA:0,transferFrom
FNDA:21,delegate
FNDA:21,delegateBySig
FNDA:26,getCurrentVotes
FNDA:19,getPriorVotes
FNDA:0,_delegate
FNDA:0,_transferTokens
FNDA:0,_moveDelegates
FNDA:46,_writeCheckpoint
FNDA:0,safe32
FNDA:0,safe96
FNDA:0,add96
FNDA:0,sub96
FNDA:0,getChainId
DA:64,0
DA:65,0
DA:75,0
DA:87,0
DA:88,0
DA:89,0
DA:91,0
DA:94,0
DA:96,0
DA:97,0
DA:106,0
DA:116,0
DA:117,0
DA:118,0
DA:129,0
DA:130,0
DA:131,81
DA:133,81
DA:134,0
DA:135,0
DA:137,21
DA:140,21
DA:141,0
DA:149,21
DA:162,21
DA:163,21
DA:164,21
DA:165,1
DA:166,20
DA:167,20
DA:168,26
DA:169,26
DA:178,26
DA:179,19
DA:190,19
DA:192,26
DA:193,25
DA:194,0
DA:198,0
DA:199,0
DA:203,0
DA:204,0
DA:207,0
DA:208,0
DA:209,0
DA:210,0
DA:211,0
DA:212,0
DA:213,0
DA:215,0
DA:217,0
DA:220,0
DA:224,0
DA:225,0
DA:226,0
DA:228,0
DA:230,0
DA:234,0
DA:235,0
DA:237,0
DA:238,0
DA:239,0
DA:241,0
DA:245,0
DA:246,0
DA:247,0
DA:248,0
DA:249,0
DA:250,0
DA:253,0
DA:254,0
DA:255,0
DA:256,46
DA:257,46
DA:263,46
DA:265,46
DA:266,45
DA:268,45
DA:269,45
DA:272,45
DA:276,0
DA:277,0
DA:281,0
DA:282,0
DA:286,0
DA:287,0
DA:288,0
DA:292,45
DA:293,0
DA:297,0
DA:298,0
DA:299,0
LF:92
LH:27
BRDA:88,1,0,0
BRDA:88,1,1,0
BRDA:133,2,0,81
BRDA:133,2,1,21
BRDA:166,3,0,20
BRDA:166,3,1,0
BRDA:167,4,0,26
BRDA:167,4,1,-6
BRDA:168,5,0,26
BRDA:168,5,1,0
BRDA:190,6,0,7
BRDA:190,6,1,12
BRDA:193,7,0,0
BRDA:193,7,1,0
BRDA:198,8,0,0
BRDA:198,8,1,0
BRDA:203,9,0,0
BRDA:203,9,1,0
BRDA:212,10,0,0
BRDA:212,10,1,0
BRDA:214,11,0,0
BRDA:214,11,1,0
BRDA:234,12,0,0
BRDA:234,12,1,0
BRDA:235,13,0,0
BRDA:235,13,1,0
BRDA:245,14,0,0
BRDA:245,14,1,46
BRDA:246,15,0,0
BRDA:246,15,1,0
BRDA:253,16,0,0
BRDA:253,16,1,46
BRDA:265,17,0,45
BRDA:265,17,1,45
BRDA:276,18,0,0
BRDA:276,18,1,0
BRDA:281,19,0,0
BRDA:281,19,1,0
BRDA:287,20,0,0
BRDA:287,20,1,0
BRDA:292,21,0,0
BRDA:292,21,1,0
BRF:42
BRH:11
end_of_record
